<?xml version="1.0" encoding="UTF-8"?>
<!-- Generated by org.testng.reporters.JUnitReportReporter -->
<testsuite hostname="LTIN297359" failures="0" tests="2" name="TestCase.TC001_UpBikeDetails" time="17.986" errors="0" timestamp="2024-03-12T13:48:26 IST" skipped="0">
  <testcase classname="TestCase.TC001_UpBikeDetails" name="clickNewBikes" time="4.721"/>
  <testcase classname="TestCase.TC001_UpBikeDetails" name="clickUpcomingBikes" time="13.265"/>
</testsuite> <!-- TestCase.TC001_UpBikeDetails -->
