<?xml version="1.0" encoding="UTF-8"?>
<!-- Generated by org.testng.reporters.JUnitReportReporter -->
<testsuite hostname="LTIN297359" failures="0" tests="1" name="TestCase.TestCase004_SignInGoogleAccounts" time="7.261" errors="0" timestamp="2024-03-22T14:30:16 IST" skipped="0">
  <testcase classname="TestCase.TestCase004_SignInGoogleAccounts" name="verifyLoginPage" time="7.261"/>
</testsuite> <!-- TestCase.TestCase004_SignInGoogleAccounts -->
