<?xml version="1.0" encoding="UTF-8"?>
<!-- Generated by org.testng.reporters.JUnitReportReporter -->
<testsuite hostname="LTIN297359" failures="0" tests="2" name="TestCase.TestCase001_UpComingBikeDetails" time="20.233" errors="0" timestamp="2024-03-22T14:15:01 IST" skipped="0">
  <testcase classname="TestCase.TestCase001_UpComingBikeDetails" name="clickNewBikes" time="5.614"/>
  <testcase classname="TestCase.TestCase001_UpComingBikeDetails" name="clickUpcomingBikes" time="14.619"/>
</testsuite> <!-- TestCase.TestCase001_UpComingBikeDetails -->
