<?xml version="1.0" encoding="UTF-8"?>
<!-- Generated by org.testng.reporters.JUnitReportReporter -->
<testsuite hostname="LTIN297359" failures="0" tests="1" name="TestCase.TestCase004_SignInGoogleAccounts" time="8.434" errors="0" timestamp="2024-03-26T12:37:56 IST" skipped="0">
  <testcase classname="TestCase.TestCase004_SignInGoogleAccounts" name="verifyLoginPage" time="8.434"/>
</testsuite> <!-- TestCase.TestCase004_SignInGoogleAccounts -->
