<?xml version="1.0" encoding="UTF-8"?>
<!-- Generated by org.testng.reporters.JUnitReportReporter -->
<testsuite hostname="LTIN297359" failures="0" tests="2" name="TestCase.TestCase001_UpComingBikeDetails" time="19.734" errors="0" timestamp="2024-03-22T14:30:16 IST" skipped="0">
  <testcase classname="TestCase.TestCase001_UpComingBikeDetails" name="clickNewBikes" time="5.280"/>
  <testcase classname="TestCase.TestCase001_UpComingBikeDetails" name="clickUpcomingBikes" time="14.454"/>
</testsuite> <!-- TestCase.TestCase001_UpComingBikeDetails -->
