<?xml version="1.0" encoding="UTF-8"?>
<!-- Generated by org.testng.reporters.JUnitReportReporter -->
<testsuite hostname="LTIN297359" failures="0" tests="1" name="TestCase.TC004_GoogleSignup" time="7.500" errors="0" timestamp="2024-03-12T13:48:26 IST" skipped="0">
  <testcase classname="TestCase.TC004_GoogleSignup" name="verifyLoginPage" time="7.500"/>
</testsuite> <!-- TestCase.TC004_GoogleSignup -->
