<?xml version="1.0" encoding="UTF-8"?>
<!-- Generated by org.testng.reporters.JUnitReportReporter -->
<testsuite hostname="LTIN297359" failures="0" tests="1" name="TestCase.TestCase002_UsedCarsInChennai" time="15.231" errors="0" timestamp="2024-03-22T14:30:16 IST" skipped="0">
  <testcase classname="TestCase.TestCase002_UsedCarsInChennai" name="UsedCarDetails" time="15.231"/>
</testsuite> <!-- TestCase.TestCase002_UsedCarsInChennai -->
