<?xml version="1.0" encoding="UTF-8"?>
<!-- Generated by org.testng.reporters.JUnitReportReporter -->
<testsuite hostname="LTIN297359" failures="0" tests="2" name="TestCase.TestCase001_UpComingBikeDetails" time="20.173" errors="0" timestamp="2024-03-26T12:37:56 IST" skipped="0">
  <testcase classname="TestCase.TestCase001_UpComingBikeDetails" name="clickNewBikes" time="6.026"/>
  <testcase classname="TestCase.TestCase001_UpComingBikeDetails" name="clickUpcomingBikes" time="14.147"/>
</testsuite> <!-- TestCase.TestCase001_UpComingBikeDetails -->
