<?xml version="1.0" encoding="UTF-8"?>
<!-- Generated by org.testng.reporters.JUnitReportReporter -->
<testsuite hostname="LTIN297359" failures="0" tests="2" name="TestCase.TC001_UpBikeDetails" time="18.528" errors="0" timestamp="2024-03-20T10:03:48 IST" skipped="0">
  <testcase classname="TestCase.TC001_UpBikeDetails" name="clickNewBikes" time="5.340"/>
  <testcase classname="TestCase.TC001_UpBikeDetails" name="clickUpcomingBikes" time="13.188"/>
</testsuite> <!-- TestCase.TC001_UpBikeDetails -->
