<?xml version="1.0" encoding="UTF-8"?>
<!-- Generated by org.testng.reporters.JUnitReportReporter -->
<testsuite hostname="LTIN297359" failures="0" tests="2" name="TestCase.TestCase001_UpComingBikeDetails" time="19.326" errors="0" timestamp="2024-03-21T12:46:53 IST" skipped="0">
  <testcase classname="TestCase.TestCase001_UpComingBikeDetails" name="clickNewBikes" time="5.288"/>
  <testcase classname="TestCase.TestCase001_UpComingBikeDetails" name="clickUpcomingBikes" time="14.038"/>
</testsuite> <!-- TestCase.TestCase001_UpComingBikeDetails -->
