<?xml version="1.0" encoding="UTF-8"?>
<!-- Generated by org.testng.reporters.JUnitReportReporter -->
<testsuite hostname="LTIN297359" failures="0" tests="1" name="TestCase.TC003_GoogleLogin" time="2.999" errors="0" timestamp="2024-03-20T10:03:48 IST" skipped="0">
  <testcase classname="TestCase.TC003_GoogleLogin" name="verifyLoginPage" time="2.999"/>
</testsuite> <!-- TestCase.TC003_GoogleLogin -->
